<?xml version="1.0" encoding="UTF-8"?>
<!-- Generated by org.testng.reporters.JUnitReportReporter -->
<testsuite skipped="0" hostname="DESKTOP-09AOGHD" name="cucumberOptions.TestNGTestRunner" tests="1" failures="0" timestamp="2022-05-30T23:16:27 IST" time="13.081" errors="0">
  <testcase name="runScenario" time="13.081" classname="cucumberOptions.TestNGTestRunner"/>
  <system-out/>
</testsuite> <!-- cucumberOptions.TestNGTestRunner -->
